# JRE version: Java(TM) SE Runtime Environment (8.0_121-b13) (build 1.8.0_121-b13)
# Java VM: Java HotSpot(TM) 64-Bit Server VM (25.121-b13 mixed mode windows-amd64 compressed oops)
Heap:
 PSYoungGen      total 38400K, used 13487K [0x00000000d5d80000, 0x00000000d8800000, 0x0000000100000000)
  eden space 33280K, 40% used [0x00000000d5d80000,0x00000000d6aabfc8,0x00000000d7e00000)
  from space 5120K, 0% used [0x00000000d7e00000,0x00000000d7e00000,0x00000000d8300000)
  to   space 5120K, 0% used [0x00000000d8300000,0x00000000d8300000,0x00000000d8800000)
 ParOldGen       total 77824K, used 19835K [0x0000000081800000, 0x0000000086400000, 0x00000000d5d80000)
  object space 77824K, 25% used [0x0000000081800000,0x0000000082b5ec08,0x0000000086400000)
 Metaspace       used 23283K, capacity 23850K, committed 24240K, reserved 1071104K
  class space    used 2769K, capacity 2943K, committed 2992K, reserved 1048576K
GC Heap History (10 events):
Event: 4.250 GC heap before
{Heap before GC invocations=6 (full 0):
 PSYoungGen      total 38400K, used 38384K [0x00000000d5d80000, 0x00000000d8800000, 0x0000000100000000)
  eden space 33280K, 100% used [0x00000000d5d80000,0x00000000d7e00000,0x00000000d7e00000)
  from space 5120K, 99% used [0x00000000d7e00000,0x00000000d82fc020,0x00000000d8300000)
  to   space 5120K, 0% used [0x00000000d8300000,0x00000000d8300000,0x00000000d8800000)
 ParOldGen       total 87552K, used 6884K [0x0000000081800000, 0x0000000086d80000, 0x00000000d5d80000)
  object space 87552K, 7% used [0x0000000081800000,0x0000000081eb9218,0x0000000086d80000)
 Metaspace       used 17723K, capacity 18120K, committed 18176K, reserved 1064960K
  class space    used 2167K, capacity 2279K, committed 2304K, reserved 1048576K
Event: 4.260 GC heap after
Heap after GC invocations=6 (full 0):
 PSYoungGen      total 38400K, used 5108K [0x00000000d5d80000, 0x00000000d8800000, 0x0000000100000000)
  eden space 33280K, 0% used [0x00000000d5d80000,0x00000000d5d80000,0x00000000d7e00000)
  from space 5120K, 99% used [0x00000000d8300000,0x00000000d87fd020,0x00000000d8800000)
  to   space 5120K, 0% used [0x00000000d7e00000,0x00000000d7e00000,0x00000000d8300000)
 ParOldGen       total 87552K, used 8919K [0x0000000081800000, 0x0000000086d80000, 0x00000000d5d80000)
  object space 87552K, 10% used [0x0000000081800000,0x00000000820b5e68,0x0000000086d80000)
 Metaspace       used 17723K, capacity 18120K, committed 18176K, reserved 1064960K
  class space    used 2167K, capacity 2279K, committed 2304K, reserved 1048576K
}
Event: 4.846 GC heap before
{Heap before GC invocations=7 (full 0):
 PSYoungGen      total 38400K, used 38388K [0x00000000d5d80000, 0x00000000d8800000, 0x0000000100000000)
  eden space 33280K, 100% used [0x00000000d5d80000,0x00000000d7e00000,0x00000000d7e00000)
  from space 5120K, 99% used [0x00000000d8300000,0x00000000d87fd020,0x00000000d8800000)
  to   space 5120K, 0% used [0x00000000d7e00000,0x00000000d7e00000,0x00000000d8300000)
 ParOldGen       total 87552K, used 8919K [0x0000000081800000, 0x0000000086d80000, 0x00000000d5d80000)
  object space 87552K, 10% used [0x0000000081800000,0x00000000820b5e68,0x0000000086d80000)
 Metaspace       used 18494K, capacity 18902K, committed 19072K, reserved 1067008K
  class space    used 2225K, capacity 2345K, committed 2432K, reserved 1048576K
Event: 4.863 GC heap after
Heap after GC invocations=7 (full 0):
 PSYoungGen      total 38400K, used 5111K [0x00000000d5d80000, 0x00000000d8800000, 0x0000000100000000)
  eden space 33280K, 0% used [0x00000000d5d80000,0x00000000d5d80000,0x00000000d7e00000)
  from space 5120K, 99% used [0x00000000d7e00000,0x00000000d82fde28,0x00000000d8300000)
  to   space 5120K, 0% used [0x00000000d8300000,0x00000000d8300000,0x00000000d8800000)
 ParOldGen       total 87552K, used 19180K [0x0000000081800000, 0x0000000086d80000, 0x00000000d5d80000)
  object space 87552K, 21% used [0x0000000081800000,0x0000000082abb0e0,0x0000000086d80000)
 Metaspace       used 18494K, capacity 18902K, committed 19072K, reserved 1067008K
  class space    used 2225K, capacity 2345K, committed 2432K, reserved 1048576K
}
Event: 5.640 GC heap before
{Heap before GC invocations=8 (full 0):
 PSYoungGen      total 38400K, used 38391K [0x00000000d5d80000, 0x00000000d8800000, 0x0000000100000000)
  eden space 33280K, 100% used [0x00000000d5d80000,0x00000000d7e00000,0x00000000d7e00000)
  from space 5120K, 99% used [0x00000000d7e00000,0x00000000d82fde28,0x00000000d8300000)
  to   space 5120K, 0% used [0x00000000d8300000,0x00000000d8300000,0x00000000d8800000)
 ParOldGen       total 87552K, used 19180K [0x0000000081800000, 0x0000000086d80000, 0x00000000d5d80000)
  object space 87552K, 21% used [0x0000000081800000,0x0000000082abb0e0,0x0000000086d80000)
 Metaspace       used 19521K, capacity 19982K, committed 20224K, reserved 1067008K
  class space    used 2323K, capacity 2444K, committed 2560K, reserved 1048576K
Event: 5.651 GC heap after
Heap after GC invocations=8 (full 0):
 PSYoungGen      total 38400K, used 5100K [0x00000000d5d80000, 0x00000000d8800000, 0x0000000100000000)
  eden space 33280K, 0% used [0x00000000d5d80000,0x00000000d5d80000,0x00000000d7e00000)
  from space 5120K, 99% used [0x00000000d8300000,0x00000000d87fb2e0,0x00000000d8800000)
  to   space 5120K, 0% used [0x00000000d7e00000,0x00000000d7e00000,0x00000000d8300000)
 ParOldGen       total 87552K, used 22871K [0x0000000081800000, 0x0000000086d80000, 0x00000000d5d80000)
  object space 87552K, 26% used [0x0000000081800000,0x0000000082e55cb0,0x0000000086d80000)
 Metaspace       used 19521K, capacity 19982K, committed 20224K, reserved 1067008K
  class space    used 2323K, capacity 2444K, committed 2560K, reserved 1048576K
}
Event: 6.328 GC heap before
{Heap before GC invocations=9 (full 0):
 PSYoungGen      total 38400K, used 35603K [0x00000000d5d80000, 0x00000000d8800000, 0x0000000100000000)
  eden space 33280K, 91% used [0x00000000d5d80000,0x00000000d7b49a88,0x00000000d7e00000)
  from space 5120K, 99% used [0x00000000d8300000,0x00000000d87fb2e0,0x00000000d8800000)
  to   space 5120K, 0% used [0x00000000d7e00000,0x00000000d7e00000,0x00000000d8300000)
 ParOldGen       total 87552K, used 22871K [0x0000000081800000, 0x0000000086d80000, 0x00000000d5d80000)
  object space 87552K, 26% used [0x0000000081800000,0x0000000082e55cb0,0x0000000086d80000)
 Metaspace       used 20784K, capacity 21222K, committed 21296K, reserved 1069056K
  class space    used 2462K, capacity 2580K, committed 2608K, reserved 1048576K
Event: 6.340 GC heap after
Heap after GC invocations=9 (full 0):
 PSYoungGen      total 38400K, used 5111K [0x00000000d5d80000, 0x00000000d8800000, 0x0000000100000000)
  eden space 33280K, 0% used [0x00000000d5d80000,0x00000000d5d80000,0x00000000d7e00000)
  from space 5120K, 99% used [0x00000000d7e00000,0x00000000d82fde28,0x00000000d8300000)
  to   space 5120K, 0% used [0x00000000d8300000,0x00000000d8300000,0x00000000d8800000)
 ParOldGen       total 87552K, used 24525K [0x0000000081800000, 0x0000000086d80000, 0x00000000d5d80000)
  object space 87552K, 28% used [0x0000000081800000,0x0000000082ff36d8,0x0000000086d80000)
 Metaspace       used 20784K, capacity 21222K, committed 21296K, reserved 1069056K
  class space    used 2462K, capacity 2580K, committed 2608K, reserved 1048576K
}
Event: 6.340 GC heap before
{Heap before GC invocations=10 (full 1):
 PSYoungGen      total 38400K, used 5111K [0x00000000d5d80000, 0x00000000d8800000, 0x0000000100000000)
  eden space 33280K, 0% used [0x00000000d5d80000,0x00000000d5d80000,0x00000000d7e00000)
  from space 5120K, 99% used [0x00000000d7e00000,0x00000000d82fde28,0x00000000d8300000)
  to   space 5120K, 0% used [0x00000000d8300000,0x00000000d8300000,0x00000000d8800000)
 ParOldGen       total 87552K, used 24525K [0x0000000081800000, 0x0000000086d80000, 0x00000000d5d80000)
  object space 87552K, 28% used [0x0000000081800000,0x0000000082ff36d8,0x0000000086d80000)
 Metaspace       used 20784K, capacity 21222K, committed 21296K, reserved 1069056K
  class space    used 2462K, capacity 2580K, committed 2608K, reserved 1048576K
Event: 6.452 GC heap after
Heap after GC invocations=10 (full 1):
 PSYoungGen      total 38400K, used 0K [0x00000000d5d80000, 0x00000000d8800000, 0x0000000100000000)
  eden space 33280K, 0% used [0x00000000d5d80000,0x00000000d5d80000,0x00000000d7e00000)
  from space 5120K, 0% used [0x00000000d7e00000,0x00000000d7e00000,0x00000000d8300000)
  to   space 5120K, 0% used [0x00000000d8300000,0x00000000d8300000,0x00000000d8800000)
 ParOldGen       total 77824K, used 19835K [0x0000000081800000, 0x0000000086400000, 0x00000000d5d80000)
  object space 77824K, 25% used [0x0000000081800000,0x0000000082b5ec08,0x0000000086400000)
 Metaspace       used 20772K, capacity 21208K, committed 21296K, reserved 1069056K
  class space    used 2461K, capacity 2578K, committed 2608K, reserved 1048576K
}

